[2025-09-20 04:39:08] INFO: Running migration {"name":"2025_09_20_043812_role","batch":2}
[2025-09-20 04:39:08] INFO: Running migration {"name":"2025_09_20_043816_role_user","batch":2}
[2025-09-20 04:39:08] INFO: Finished running migrations {"count":2,"batch":2}
[2025-09-20 04:40:55] INFO: No outstanding migrations to run
[2025-09-20 04:48:39] ERROR: Session write failed {"error":"SQLSTATE[23000]: Integrity constraint violation: 1062 Duplicate entry 'kcltdb50b6jkt7drarqi71d3ek' for key 'PRIMARY'"}
[2025-09-20 04:49:01] ERROR: Error processing route {"route":"/logout","method":"POST","message":"Call to a member function hasRole() on array"}
[2025-09-20 04:49:01] ERROR: Call to a member function hasRole() on array {"exception":"Error","file":"/Users/tofikhidayat/projects/zero-framework/app/middlewares/Role.php","line":14}
[2025-09-20 04:49:11] ERROR: Error processing route {"route":"/logout","method":"POST","message":"Attempt to read property \"id\" on array"}
[2025-09-20 04:49:11] ERROR: Attempt to read property "id" on array {"exception":"ErrorException","file":"/Users/tofikhidayat/projects/zero-framework/app/middlewares/Role.php","line":14}
[2025-09-20 04:49:15] ERROR: Error processing route {"route":"/logout","method":"POST","message":"Undefined array key \"id\""}
[2025-09-20 04:49:15] ERROR: Undefined array key "id" {"exception":"ErrorException","file":"/Users/tofikhidayat/projects/zero-framework/app/middlewares/Role.php","line":14}
[2025-09-20 04:50:16] ERROR: Error processing route {"route":"/login","method":"GET","message":"Trying to access array offset on value of type null"}
[2025-09-20 04:50:16] ERROR: Trying to access array offset on value of type null {"exception":"ErrorException","file":"/Users/tofikhidayat/projects/zero-framework/core/libraries/Auth/Auth.php","line":45}
[2025-09-20 04:50:23] ERROR: Error processing route {"route":"/login","method":"GET","message":"Trying to access array offset on value of type null"}
[2025-09-20 04:50:23] ERROR: Trying to access array offset on value of type null {"exception":"ErrorException","file":"/Users/tofikhidayat/projects/zero-framework/core/libraries/Auth/Auth.php","line":45}
[2025-09-20 04:50:25] ERROR: Error processing route {"route":"/login","method":"GET","message":"Trying to access array offset on value of type null"}
[2025-09-20 04:50:25] ERROR: Trying to access array offset on value of type null {"exception":"ErrorException","file":"/Users/tofikhidayat/projects/zero-framework/core/libraries/Auth/Auth.php","line":45}
[2025-09-20 04:50:26] ERROR: Error processing route {"route":"/login","method":"GET","message":"Trying to access array offset on value of type null"}
[2025-09-20 04:50:26] ERROR: Trying to access array offset on value of type null {"exception":"ErrorException","file":"/Users/tofikhidayat/projects/zero-framework/core/libraries/Auth/Auth.php","line":45}
[2025-09-20 04:51:26] ERROR: Error processing route {"route":"/login","method":"GET","message":"Trying to access array offset on value of type null"}
[2025-09-20 04:51:26] ERROR: Trying to access array offset on value of type null {"exception":"ErrorException","file":"/Users/tofikhidayat/projects/zero-framework/core/libraries/Auth/Auth.php","line":45}
[2025-09-20 04:51:27] ERROR: Error processing route {"route":"/login","method":"GET","message":"Trying to access array offset on value of type null"}
[2025-09-20 04:51:27] ERROR: Trying to access array offset on value of type null {"exception":"ErrorException","file":"/Users/tofikhidayat/projects/zero-framework/core/libraries/Auth/Auth.php","line":45}
[2025-09-20 04:51:27] ERROR: Error processing route {"route":"/login","method":"GET","message":"Trying to access array offset on value of type null"}
[2025-09-20 04:51:27] ERROR: Trying to access array offset on value of type null {"exception":"ErrorException","file":"/Users/tofikhidayat/projects/zero-framework/core/libraries/Auth/Auth.php","line":45}
[2025-09-20 04:51:27] ERROR: Error processing route {"route":"/login","method":"GET","message":"Trying to access array offset on value of type null"}
[2025-09-20 04:51:27] ERROR: Trying to access array offset on value of type null {"exception":"ErrorException","file":"/Users/tofikhidayat/projects/zero-framework/core/libraries/Auth/Auth.php","line":45}
[2025-09-20 04:51:27] ERROR: Error processing route {"route":"/login","method":"GET","message":"Trying to access array offset on value of type null"}
[2025-09-20 04:51:27] ERROR: Trying to access array offset on value of type null {"exception":"ErrorException","file":"/Users/tofikhidayat/projects/zero-framework/core/libraries/Auth/Auth.php","line":45}
[2025-09-20 04:51:28] ERROR: Error processing route {"route":"/login","method":"GET","message":"Trying to access array offset on value of type null"}
[2025-09-20 04:51:28] ERROR: Trying to access array offset on value of type null {"exception":"ErrorException","file":"/Users/tofikhidayat/projects/zero-framework/core/libraries/Auth/Auth.php","line":45}
[2025-09-20 04:51:28] ERROR: Error processing route {"route":"/login","method":"GET","message":"Trying to access array offset on value of type null"}
[2025-09-20 04:51:28] ERROR: Trying to access array offset on value of type null {"exception":"ErrorException","file":"/Users/tofikhidayat/projects/zero-framework/core/libraries/Auth/Auth.php","line":45}
[2025-09-20 04:51:28] ERROR: Error processing route {"route":"/login","method":"GET","message":"Trying to access array offset on value of type null"}
[2025-09-20 04:51:28] ERROR: Trying to access array offset on value of type null {"exception":"ErrorException","file":"/Users/tofikhidayat/projects/zero-framework/core/libraries/Auth/Auth.php","line":45}
[2025-09-20 04:51:42] ERROR: Error processing route {"route":"/login","method":"GET","message":"Trying to access array offset on value of type null"}
[2025-09-20 04:51:42] ERROR: Trying to access array offset on value of type null {"exception":"ErrorException","file":"/Users/tofikhidayat/projects/zero-framework/core/libraries/Auth/Auth.php","line":45}
[2025-09-20 04:51:42] ERROR: Error processing route {"route":"/login","method":"GET","message":"Trying to access array offset on value of type null"}
[2025-09-20 04:51:42] ERROR: Trying to access array offset on value of type null {"exception":"ErrorException","file":"/Users/tofikhidayat/projects/zero-framework/core/libraries/Auth/Auth.php","line":45}
[2025-09-20 04:51:42] ERROR: Error processing route {"route":"/login","method":"GET","message":"Trying to access array offset on value of type null"}
[2025-09-20 04:51:42] ERROR: Trying to access array offset on value of type null {"exception":"ErrorException","file":"/Users/tofikhidayat/projects/zero-framework/core/libraries/Auth/Auth.php","line":45}
[2025-09-20 04:51:43] ERROR: Error processing route {"route":"/login","method":"GET","message":"Trying to access array offset on value of type null"}
[2025-09-20 04:51:43] ERROR: Trying to access array offset on value of type null {"exception":"ErrorException","file":"/Users/tofikhidayat/projects/zero-framework/core/libraries/Auth/Auth.php","line":45}
[2025-09-20 04:52:25] ERROR: Error processing route {"route":"/login","method":"GET","message":"Trying to access array offset on value of type null"}
[2025-09-20 04:52:25] ERROR: Trying to access array offset on value of type null {"exception":"ErrorException","file":"/Users/tofikhidayat/projects/zero-framework/core/libraries/Auth/Auth.php","line":45}
[2025-09-20 04:52:26] ERROR: Error processing route {"route":"/login","method":"GET","message":"Trying to access array offset on value of type null"}
[2025-09-20 04:52:26] ERROR: Trying to access array offset on value of type null {"exception":"ErrorException","file":"/Users/tofikhidayat/projects/zero-framework/core/libraries/Auth/Auth.php","line":45}
[2025-09-20 04:52:26] ERROR: Error processing route {"route":"/login","method":"GET","message":"Trying to access array offset on value of type null"}
[2025-09-20 04:52:26] ERROR: Trying to access array offset on value of type null {"exception":"ErrorException","file":"/Users/tofikhidayat/projects/zero-framework/core/libraries/Auth/Auth.php","line":45}
[2025-09-20 04:53:17] ERROR: Session write failed {"error":"SQLSTATE[23000]: Integrity constraint violation: 1062 Duplicate entry 'kcltdb50b6jkt7drarqi71d3ek' for key 'PRIMARY'"}
[2025-09-20 04:53:22] ERROR: Error processing route {"route":"/dashboard","method":"GET","message":"Cannot use object of type App\\Models\\User as array"}
[2025-09-20 04:53:22] ERROR: Cannot use object of type App\Models\User as array {"exception":"Error","file":"/Users/tofikhidayat/projects/zero-framework/resources/views/pages/home.php","line":11}
[2025-09-20 04:54:24] ERROR: Error processing route {"route":"/dashboard","method":"GET","message":"Attempt to read property \"id\" on null"}
[2025-09-20 04:54:24] ERROR: Attempt to read property "id" on null {"exception":"ErrorException","file":"/Users/tofikhidayat/projects/zero-framework/app/models/User.php","line":68}
[2025-09-20 04:56:41] ERROR: Error processing route {"route":"/dashboard","method":"GET","message":"next(): Calling next() on an object is deprecated"}
[2025-09-20 04:56:41] ERROR: next(): Calling next() on an object is deprecated {"exception":"ErrorException","file":"/Users/tofikhidayat/projects/zero-framework/app/middlewares/Role.php","line":16}
[2025-09-20 04:57:06] ERROR: Error processing route {"route":"/dashboard","method":"GET","message":"App\\Middlewares\\Role::handle(): Return value must be of type ?Zero\\Lib\\Http\\Response, none returned"}
[2025-09-20 04:57:06] ERROR: App\Middlewares\Role::handle(): Return value must be of type ?Zero\Lib\Http\Response, none returned {"exception":"TypeError","file":"/Users/tofikhidayat/projects/zero-framework/app/middlewares/Role.php","line":18}
[2025-09-20 04:57:07] ERROR: Error processing route {"route":"/dashboard","method":"GET","message":"App\\Middlewares\\Role::handle(): Return value must be of type ?Zero\\Lib\\Http\\Response, none returned"}
[2025-09-20 04:57:07] ERROR: App\Middlewares\Role::handle(): Return value must be of type ?Zero\Lib\Http\Response, none returned {"exception":"TypeError","file":"/Users/tofikhidayat/projects/zero-framework/app/middlewares/Role.php","line":18}
[2025-09-20 04:57:08] ERROR: Error processing route {"route":"/dashboard","method":"GET","message":"App\\Middlewares\\Role::handle(): Return value must be of type ?Zero\\Lib\\Http\\Response, none returned"}
[2025-09-20 04:57:08] ERROR: App\Middlewares\Role::handle(): Return value must be of type ?Zero\Lib\Http\Response, none returned {"exception":"TypeError","file":"/Users/tofikhidayat/projects/zero-framework/app/middlewares/Role.php","line":18}
[2025-09-20 04:57:19] ERROR: Error processing route {"route":"/dashboard","method":"GET","message":"Cannot use object of type App\\Models\\User as array"}
[2025-09-20 04:57:19] ERROR: Cannot use object of type App\Models\User as array {"exception":"Error","file":"/Users/tofikhidayat/projects/zero-framework/resources/views/pages/home.php","line":11}
[2025-09-20 04:57:20] ERROR: Error processing route {"route":"/dashboard","method":"GET","message":"Cannot use object of type App\\Models\\User as array"}
[2025-09-20 04:57:20] ERROR: Cannot use object of type App\Models\User as array {"exception":"Error","file":"/Users/tofikhidayat/projects/zero-framework/resources/views/pages/home.php","line":11}
[2025-09-20 04:57:20] ERROR: Error processing route {"route":"/dashboard","method":"GET","message":"Cannot use object of type App\\Models\\User as array"}
[2025-09-20 04:57:20] ERROR: Cannot use object of type App\Models\User as array {"exception":"Error","file":"/Users/tofikhidayat/projects/zero-framework/resources/views/pages/home.php","line":11}
[2025-09-20 04:57:20] ERROR: Session write failed {"error":"SQLSTATE[23000]: Integrity constraint violation: 1062 Duplicate entry 'kcltdb50b6jkt7drarqi71d3ek' for key 'PRIMARY'"}
[2025-09-20 04:58:22] ERROR: Error processing route {"route":"/dashboard","method":"GET","message":"Object of class Zero\\Lib\\HasMany could not be converted to string"}
[2025-09-20 04:58:22] ERROR: Object of class Zero\Lib\HasMany could not be converted to string {"exception":"Error","file":"/Users/tofikhidayat/projects/zero-framework/resources/views/pages/home.php","line":27}
[2025-09-20 04:59:05] ERROR: Error processing route {"route":"/dashboard","method":"GET","message":"Object of class App\\Models\\RoleUser could not be converted to string"}
[2025-09-20 04:59:05] ERROR: Object of class App\Models\RoleUser could not be converted to string {"exception":"Error","file":"/Users/tofikhidayat/projects/zero-framework/resources/views/pages/home.php","line":29}
[2025-09-20 04:59:05] ERROR: Error processing route {"route":"/dashboard","method":"GET","message":"Object of class App\\Models\\RoleUser could not be converted to string"}
[2025-09-20 04:59:05] ERROR: Object of class App\Models\RoleUser could not be converted to string {"exception":"Error","file":"/Users/tofikhidayat/projects/zero-framework/resources/views/pages/home.php","line":29}
[2025-09-20 04:59:05] ERROR: Session write failed {"error":"SQLSTATE[23000]: Integrity constraint violation: 1062 Duplicate entry 'kcltdb50b6jkt7drarqi71d3ek' for key 'PRIMARY'"}
[2025-09-20 04:59:19] ERROR: Error processing route {"route":"/dashboard","method":"GET","message":"Call to a member function pluck() on array"}
[2025-09-20 04:59:19] ERROR: Call to a member function pluck() on array {"exception":"Error","file":"/Users/tofikhidayat/projects/zero-framework/resources/views/pages/home.php","line":29}
[2025-09-20 05:00:35] ERROR: Error processing route {"route":"/dashboard","method":"GET","message":"Call to undefined method Zero\\Lib\\HasMany::with()"}
[2025-09-20 05:00:35] ERROR: Call to undefined method Zero\Lib\HasMany::with() {"exception":"Error","file":"/Users/tofikhidayat/projects/zero-framework/resources/views/pages/home.php","line":28}
[2025-09-20 05:02:50] ERROR: Error processing route {"route":"/dashboard","method":"GET","message":"Call to undefined method App\\Models\\Role::where()"}
[2025-09-20 05:02:50] ERROR: Call to undefined method App\Models\Role::where() {"exception":"Error","file":"/Users/tofikhidayat/projects/zero-framework/resources/views/pages/home.php","line":21}
[2025-09-20 05:02:56] ERROR: Error processing route {"route":"/dashboard","method":"GET","message":"Call to undefined method Zero\\Lib\\HasMany::with()"}
[2025-09-20 05:02:56] ERROR: Call to undefined method Zero\Lib\HasMany::with() {"exception":"Error","file":"/Users/tofikhidayat/projects/zero-framework/resources/views/pages/home.php","line":35}
